[ 2025-12-02 09:27:20,929 ] comtypes.client._code_cache - INFO - Imported existing <module 'comtypes.gen' from 'F:\\Anaconda\\Lib\\site-packages\\comtypes\\gen\\__init__.py'>
[ 2025-12-02 09:27:20,929 ] comtypes.client._code_cache - INFO - Using writeable comtypes cache directory: 'F:\Anaconda\Lib\site-packages\comtypes\gen'
[ 2025-12-02 09:27:20,948 ] comtypes.client._generate - INFO - Could not import comtypes.gen._C866CA3A_32F7_11D2_9602_00C04F8EE628_0_5_4: Typelib different than module
[ 2025-12-02 09:27:20,952 ] comtypes.client._generate - INFO - # Generating comtypes.gen._C866CA3A_32F7_11D2_9602_00C04F8EE628_0_5_4
[ 2025-12-02 09:27:21,015 ] comtypes.client._generate - INFO - # Generating comtypes.gen.SpeechLib
[ 2025-12-02 09:27:21,022 ] comtypes.client._generate - INFO - Could not import comtypes.gen._00020430_0000_0000_C000_000000000046_0_2_0: Typelib different than module
[ 2025-12-02 09:27:21,022 ] comtypes.client._generate - INFO - # Generating comtypes.gen._00020430_0000_0000_C000_000000000046_0_2_0
[ 2025-12-02 09:27:21,027 ] comtypes.client._generate - INFO - # Generating comtypes.gen.stdole
[ 2025-12-02 09:27:39,030 ] root - INFO - User asked for current time.
[ 2025-12-02 09:28:09,537 ] root - INFO - User asked about assistant's well-being.
[ 2025-12-02 09:29:15,757 ] root - INFO - User requested to open Google.
[ 2025-12-02 09:29:52,450 ] root - INFO - User requested to open Notepad.
[ 2025-12-02 09:30:01,560 ] root - INFO - 
[ 2025-12-02 09:30:05,051 ] root - INFO - User asked for an unsupported command.
[ 2025-12-02 09:33:53,686 ] root - INFO - 
[ 2025-12-02 09:33:57,180 ] root - INFO - User asked for an unsupported command.
[ 2025-12-02 17:41:25,360 ] comtypes.client._code_cache - INFO - Imported existing <module 'comtypes.gen' from 'F:\\Anaconda\\Lib\\site-packages\\comtypes\\gen\\__init__.py'>
[ 2025-12-02 17:41:25,361 ] comtypes.client._code_cache - INFO - Using writeable comtypes cache directory: 'F:\Anaconda\Lib\site-packages\comtypes\gen'
[ 2025-12-02 17:41:52,321 ] root - INFO - User requested to open Calendar.
[ 2025-12-02 17:49:06,875 ] comtypes.client._code_cache - INFO - Imported existing <module 'comtypes.gen' from 'F:\\Anaconda\\Lib\\site-packages\\comtypes\\gen\\__init__.py'>
[ 2025-12-02 17:49:06,876 ] comtypes.client._code_cache - INFO - Using writeable comtypes cache directory: 'F:\Anaconda\Lib\site-packages\comtypes\gen'
[ 2025-12-02 17:49:23,600 ] root - INFO - User asked for an unsupported command.
[ 2025-12-02 17:49:42,840 ] comtypes.client._code_cache - INFO - Imported existing <module 'comtypes.gen' from 'F:\\Anaconda\\Lib\\site-packages\\comtypes\\gen\\__init__.py'>
[ 2025-12-02 17:49:42,840 ] comtypes.client._code_cache - INFO - Using writeable comtypes cache directory: 'F:\Anaconda\Lib\site-packages\comtypes\gen'
[ 2025-12-02 17:49:58,644 ] root - INFO - User asked for an unsupported command.
[ 2025-12-02 17:51:36,750 ] root - INFO - User asked for an unsupported command.
[ 2025-12-02 17:51:40,851 ] comtypes.client._code_cache - INFO - Imported existing <module 'comtypes.gen' from 'F:\\Anaconda\\Lib\\site-packages\\comtypes\\gen\\__init__.py'>
[ 2025-12-02 17:51:40,851 ] comtypes.client._code_cache - INFO - Using writeable comtypes cache directory: 'F:\Anaconda\Lib\site-packages\comtypes\gen'
[ 2025-12-02 17:52:02,316 ] root - INFO - User requested to open LinkedIn.
[ 2025-12-02 17:55:29,705 ] root - INFO - User asked for an unsupported command.
[ 2025-12-02 18:13:52,740 ] comtypes.client._code_cache - INFO - Imported existing <module 'comtypes.gen' from 'F:\\Anaconda\\Lib\\site-packages\\comtypes\\gen\\__init__.py'>
[ 2025-12-02 18:13:52,740 ] comtypes.client._code_cache - INFO - Using writeable comtypes cache directory: 'F:\Anaconda\Lib\site-packages\comtypes\gen'
[ 2025-12-02 18:14:25,651 ] root - INFO - User asked for an unsupported command.
[ 2025-12-02 18:14:29,353 ] comtypes.client._code_cache - INFO - Imported existing <module 'comtypes.gen' from 'F:\\Anaconda\\Lib\\site-packages\\comtypes\\gen\\__init__.py'>
[ 2025-12-02 18:14:29,353 ] comtypes.client._code_cache - INFO - Using writeable comtypes cache directory: 'F:\Anaconda\Lib\site-packages\comtypes\gen'
[ 2025-12-02 18:16:37,892 ] comtypes.client._code_cache - INFO - Imported existing <module 'comtypes.gen' from 'F:\\Anaconda\\Lib\\site-packages\\comtypes\\gen\\__init__.py'>
[ 2025-12-02 18:16:37,892 ] comtypes.client._code_cache - INFO - Using writeable comtypes cache directory: 'F:\Anaconda\Lib\site-packages\comtypes\gen'
[ 2025-12-02 18:18:06,157 ] comtypes.client._code_cache - INFO - Imported existing <module 'comtypes.gen' from 'F:\\Anaconda\\Lib\\site-packages\\comtypes\\gen\\__init__.py'>
[ 2025-12-02 18:18:06,157 ] comtypes.client._code_cache - INFO - Using writeable comtypes cache directory: 'F:\Anaconda\Lib\site-packages\comtypes\gen'
[ 2025-12-02 18:28:43,035 ] root - INFO - 
[ 2025-12-07 00:25:15,839 ] comtypes.client._code_cache - INFO - Imported existing <module 'comtypes.gen' from 'F:\\Anaconda\\Lib\\site-packages\\comtypes\\gen\\__init__.py'>
[ 2025-12-07 00:25:15,840 ] comtypes.client._code_cache - INFO - Using writeable comtypes cache directory: 'F:\Anaconda\Lib\site-packages\comtypes\gen'
[ 2025-12-07 00:25:32,405 ] root - INFO - User requested to open Notepad.
[ 2025-12-07 00:25:42,235 ] root - INFO - 
[ 2025-12-07 00:25:53,665 ] root - INFO - 
[ 2025-12-07 00:26:06,443 ] root - INFO - User exited the program.
